2022-07-31 07:47:33.746 [restartedMain] WARN  com.alibaba.cloud.nacos.client.NacosPropertySourceBuilder - Ignore the empty nacos configuration and get it based on dataId[oaajava-demo] & group[DEFAULT_GROUP]
2022-07-31 07:47:34.711 [restartedMain] WARN  org.apache.dubbo.config.spring.beans.factory.annotation.ServiceAnnotationBeanPostProcessor -  [DUBBO] No Spring Bean annotating Dubbo's @Service was found under package[com.oaajava.demo], dubbo version: 2.7.8, current host: 192.168.3.168
2022-07-31 07:47:34.713 [restartedMain] WARN  org.mybatis.spring.mapper.ClassPathMapperScanner - Skipping MapperFactoryBean with name 'sysRoleMapper' and 'com.oaajava.demo.dao.SysRoleMapper' mapperInterface. Bean already defined with the same name!
2022-07-31 07:47:34.713 [restartedMain] WARN  org.mybatis.spring.mapper.ClassPathMapperScanner - Skipping MapperFactoryBean with name 'sysUserMapper' and 'com.oaajava.demo.dao.SysUserMapper' mapperInterface. Bean already defined with the same name!
2022-07-31 07:47:34.713 [restartedMain] WARN  org.mybatis.spring.mapper.ClassPathMapperScanner - Skipping MapperFactoryBean with name 'sysUserRoleMapper' and 'com.oaajava.demo.dao.SysUserRoleMapper' mapperInterface. Bean already defined with the same name!
2022-07-31 07:47:34.713 [restartedMain] WARN  org.mybatis.spring.mapper.ClassPathMapperScanner - No MyBatis mapper was found in '[com.oaajava.demo.dao]' package. Please check your configuration.
2022-07-31 07:47:34.718 [restartedMain] WARN  org.apache.dubbo.config.spring.beans.factory.annotation.ServiceClassPostProcessor -  [DUBBO] No Spring Bean annotating Dubbo's @Service was found under package[com.oaajava.demo], dubbo version: 2.7.8, current host: 192.168.3.168
2022-07-31 07:48:07.742 [restartedMain] WARN  com.netflix.config.sources.URLConfigurationSource - No URLs will be polled as dynamic configuration sources.
2022-07-31 07:48:07.746 [restartedMain] WARN  com.netflix.config.sources.URLConfigurationSource - No URLs will be polled as dynamic configuration sources.
2022-07-31 07:48:13.865 [restartedMain] WARN  org.apache.dubbo.common.config.ConfigurationUtils -  [DUBBO] You specified the config center, but there's not even one single config item in it., dubbo version: 2.7.8, current host: 192.168.3.168
2022-07-31 07:48:13.865 [restartedMain] WARN  org.apache.dubbo.common.config.ConfigurationUtils -  [DUBBO] You specified the config center, but there's not even one single config item in it., dubbo version: 2.7.8, current host: 192.168.3.168
2022-07-31 07:48:24.007 [restartedMain] WARN  org.apache.dubbo.config.ServiceConfig -  [DUBBO] Use random available port(20880) for protocol dubbo, dubbo version: 2.7.8, current host: 192.168.3.168
2022-07-31 07:54:58.923 [SpringContextShutdownHook] WARN  org.apache.dubbo.registry.support.AbstractRegistryFactory -  [DUBBO] All registry instances have been destroyed, failed to fetch any instance. Usually, this means no need to try to do unnecessary redundant resource clearance, all registries has been taken care of., dubbo version: 2.7.8, current host: 192.168.3.168
2022-07-31 07:55:11.045 [SpringContextShutdownHook] WARN  com.alibaba.nacos.client.naming - [NamingHttpClientManager] Start destroying NacosRestTemplate
2022-07-31 07:55:11.045 [SpringContextShutdownHook] WARN  com.alibaba.nacos.client.naming - [NamingHttpClientManager] Destruction of the end
2022-07-31 07:55:11.047 [SpringContextShutdownHook] WARN  com.alibaba.nacos.client.naming - [NamingHttpClientManager] Start destroying NacosRestTemplate
2022-07-31 07:55:11.047 [SpringContextShutdownHook] WARN  com.alibaba.nacos.client.naming - [NamingHttpClientManager] Destruction of the end
2022-07-31 09:01:59.784 [restartedMain] WARN  com.alibaba.cloud.nacos.client.NacosPropertySourceBuilder - Ignore the empty nacos configuration and get it based on dataId[oaajava-demo] & group[DEFAULT_GROUP]
2022-07-31 09:02:00.585 [restartedMain] WARN  org.apache.dubbo.config.spring.beans.factory.annotation.ServiceAnnotationBeanPostProcessor -  [DUBBO] No Spring Bean annotating Dubbo's @Service was found under package[com.oaajava.demo], dubbo version: 2.7.8, current host: 192.168.3.168
2022-07-31 09:02:00.592 [restartedMain] WARN  org.apache.dubbo.config.spring.beans.factory.annotation.ServiceClassPostProcessor -  [DUBBO] No Spring Bean annotating Dubbo's @Service was found under package[com.oaajava.demo], dubbo version: 2.7.8, current host: 192.168.3.168
2022-07-31 09:02:33.187 [restartedMain] WARN  com.netflix.config.sources.URLConfigurationSource - No URLs will be polled as dynamic configuration sources.
2022-07-31 09:02:33.190 [restartedMain] WARN  com.netflix.config.sources.URLConfigurationSource - No URLs will be polled as dynamic configuration sources.
2022-07-31 09:02:39.069 [restartedMain] WARN  org.apache.dubbo.common.config.ConfigurationUtils -  [DUBBO] You specified the config center, but there's not even one single config item in it., dubbo version: 2.7.8, current host: 192.168.3.168
2022-07-31 09:02:39.069 [restartedMain] WARN  org.apache.dubbo.common.config.ConfigurationUtils -  [DUBBO] You specified the config center, but there's not even one single config item in it., dubbo version: 2.7.8, current host: 192.168.3.168
2022-07-31 09:02:54.126 [restartedMain] WARN  org.apache.dubbo.config.ServiceConfig -  [DUBBO] Use random available port(20880) for protocol dubbo, dubbo version: 2.7.8, current host: 192.168.3.168
2022-07-31 09:04:32.392 [SpringContextShutdownHook] WARN  org.apache.dubbo.registry.support.AbstractRegistryFactory -  [DUBBO] All registry instances have been destroyed, failed to fetch any instance. Usually, this means no need to try to do unnecessary redundant resource clearance, all registries has been taken care of., dubbo version: 2.7.8, current host: 192.168.3.168
2022-07-31 09:47:23.271 [main] WARN  org.apache.velocity.deprecation - configuration key 'file.resource.loader.unicode' has been deprecated in favor of 'resource.loader.file.unicode'
2022-07-31 09:47:23.275 [main] WARN  org.apache.velocity.deprecation - configuration key 'file.resource.loader.class' has been deprecated in favor of 'resource.loader.file.class'
2022-07-31 09:49:13.184 [main] WARN  org.apache.velocity.deprecation - configuration key 'file.resource.loader.unicode' has been deprecated in favor of 'resource.loader.file.unicode'
2022-07-31 09:49:13.187 [main] WARN  org.apache.velocity.deprecation - configuration key 'file.resource.loader.class' has been deprecated in favor of 'resource.loader.file.class'
2022-07-31 09:51:20.199 [main] WARN  org.apache.velocity.deprecation - configuration key 'file.resource.loader.unicode' has been deprecated in favor of 'resource.loader.file.unicode'
2022-07-31 09:51:20.203 [main] WARN  org.apache.velocity.deprecation - configuration key 'file.resource.loader.class' has been deprecated in favor of 'resource.loader.file.class'
2022-07-31 10:21:54.874 [restartedMain] WARN  com.alibaba.cloud.nacos.client.NacosPropertySourceBuilder - Ignore the empty nacos configuration and get it based on dataId[oaajava-demo] & group[DEFAULT_GROUP]
2022-07-31 10:21:54.906 [restartedMain] WARN  com.alibaba.cloud.nacos.client.NacosPropertySourceBuilder - Ignore the empty nacos configuration and get it based on dataId[oaajava-demo-bootstrap.yaml.yaml] & group[DEFAULT_GROUP]
2022-07-31 10:21:55.676 [restartedMain] WARN  org.apache.dubbo.config.spring.beans.factory.annotation.ServiceAnnotationBeanPostProcessor -  [DUBBO] No Spring Bean annotating Dubbo's @Service was found under package[com.oaajava.demo], dubbo version: 2.7.8, current host: 192.168.3.168
2022-07-31 10:21:55.682 [restartedMain] WARN  org.apache.dubbo.config.spring.beans.factory.annotation.ServiceClassPostProcessor -  [DUBBO] No Spring Bean annotating Dubbo's @Service was found under package[com.oaajava.demo], dubbo version: 2.7.8, current host: 192.168.3.168
2022-07-31 10:22:27.636 [restartedMain] WARN  com.netflix.config.sources.URLConfigurationSource - No URLs will be polled as dynamic configuration sources.
2022-07-31 10:22:27.642 [restartedMain] WARN  com.netflix.config.sources.URLConfigurationSource - No URLs will be polled as dynamic configuration sources.
2022-07-31 10:22:33.758 [restartedMain] WARN  org.apache.dubbo.common.config.ConfigurationUtils -  [DUBBO] You specified the config center, but there's not even one single config item in it., dubbo version: 2.7.8, current host: 192.168.3.168
2022-07-31 10:22:33.758 [restartedMain] WARN  org.apache.dubbo.common.config.ConfigurationUtils -  [DUBBO] You specified the config center, but there's not even one single config item in it., dubbo version: 2.7.8, current host: 192.168.3.168
2022-07-31 10:22:43.865 [restartedMain] WARN  org.apache.dubbo.config.ServiceConfig -  [DUBBO] Use random available port(20880) for protocol dubbo, dubbo version: 2.7.8, current host: 192.168.3.168
2022-07-31 10:25:21.065 [SpringContextShutdownHook] WARN  org.apache.dubbo.registry.support.AbstractRegistryFactory -  [DUBBO] All registry instances have been destroyed, failed to fetch any instance. Usually, this means no need to try to do unnecessary redundant resource clearance, all registries has been taken care of., dubbo version: 2.7.8, current host: 192.168.3.168
2022-07-31 10:41:55.481 [restartedMain] WARN  com.alibaba.cloud.nacos.client.NacosPropertySourceBuilder - Ignore the empty nacos configuration and get it based on dataId[oaajava-demo] & group[DEFAULT_GROUP]
2022-07-31 10:41:55.503 [restartedMain] WARN  com.alibaba.cloud.nacos.client.NacosPropertySourceBuilder - Ignore the empty nacos configuration and get it based on dataId[oaajava-demo-bootstrap.yaml.yaml] & group[DEFAULT_GROUP]
2022-07-31 10:41:56.267 [restartedMain] WARN  org.apache.dubbo.config.spring.beans.factory.annotation.ServiceAnnotationBeanPostProcessor -  [DUBBO] No Spring Bean annotating Dubbo's @Service was found under package[com.oaajava.demo], dubbo version: 2.7.8, current host: 192.168.3.168
2022-07-31 10:41:56.273 [restartedMain] WARN  org.apache.dubbo.config.spring.beans.factory.annotation.ServiceClassPostProcessor -  [DUBBO] No Spring Bean annotating Dubbo's @Service was found under package[com.oaajava.demo], dubbo version: 2.7.8, current host: 192.168.3.168
2022-07-31 10:42:28.867 [restartedMain] WARN  com.netflix.config.sources.URLConfigurationSource - No URLs will be polled as dynamic configuration sources.
2022-07-31 10:42:28.872 [restartedMain] WARN  com.netflix.config.sources.URLConfigurationSource - No URLs will be polled as dynamic configuration sources.
2022-07-31 10:42:34.928 [restartedMain] WARN  org.apache.dubbo.common.config.ConfigurationUtils -  [DUBBO] You specified the config center, but there's not even one single config item in it., dubbo version: 2.7.8, current host: 192.168.3.168
2022-07-31 10:42:34.928 [restartedMain] WARN  org.apache.dubbo.common.config.ConfigurationUtils -  [DUBBO] You specified the config center, but there's not even one single config item in it., dubbo version: 2.7.8, current host: 192.168.3.168
2022-07-31 10:42:45.012 [restartedMain] WARN  org.apache.dubbo.config.ServiceConfig -  [DUBBO] Use random available port(20880) for protocol dubbo, dubbo version: 2.7.8, current host: 192.168.3.168
2022-07-31 10:44:37.083 [SpringContextShutdownHook] WARN  org.apache.dubbo.registry.support.AbstractRegistryFactory -  [DUBBO] All registry instances have been destroyed, failed to fetch any instance. Usually, this means no need to try to do unnecessary redundant resource clearance, all registries has been taken care of., dubbo version: 2.7.8, current host: 192.168.3.168
2022-07-31 11:51:29.678 [main] WARN  org.apache.velocity.deprecation - configuration key 'file.resource.loader.unicode' has been deprecated in favor of 'resource.loader.file.unicode'
2022-07-31 11:51:29.686 [main] WARN  org.apache.velocity.deprecation - configuration key 'file.resource.loader.class' has been deprecated in favor of 'resource.loader.file.class'
2022-07-31 11:53:08.083 [main] WARN  org.apache.velocity.deprecation - configuration key 'file.resource.loader.unicode' has been deprecated in favor of 'resource.loader.file.unicode'
2022-07-31 11:53:08.089 [main] WARN  org.apache.velocity.deprecation - configuration key 'file.resource.loader.class' has been deprecated in favor of 'resource.loader.file.class'
2022-07-31 12:52:17.865 [main] WARN  org.apache.velocity.deprecation - configuration key 'file.resource.loader.unicode' has been deprecated in favor of 'resource.loader.file.unicode'
2022-07-31 12:52:17.870 [main] WARN  org.apache.velocity.deprecation - configuration key 'file.resource.loader.class' has been deprecated in favor of 'resource.loader.file.class'
2022-07-31 12:54:04.270 [main] WARN  org.apache.velocity.deprecation - configuration key 'file.resource.loader.unicode' has been deprecated in favor of 'resource.loader.file.unicode'
2022-07-31 12:54:04.276 [main] WARN  org.apache.velocity.deprecation - configuration key 'file.resource.loader.class' has been deprecated in favor of 'resource.loader.file.class'
2022-07-31 12:54:24.614 [main] WARN  org.apache.velocity.deprecation - configuration key 'file.resource.loader.unicode' has been deprecated in favor of 'resource.loader.file.unicode'
2022-07-31 12:54:24.622 [main] WARN  org.apache.velocity.deprecation - configuration key 'file.resource.loader.class' has been deprecated in favor of 'resource.loader.file.class'
2022-07-31 12:55:58.095 [main] WARN  org.apache.velocity.deprecation - configuration key 'file.resource.loader.unicode' has been deprecated in favor of 'resource.loader.file.unicode'
2022-07-31 12:55:58.102 [main] WARN  org.apache.velocity.deprecation - configuration key 'file.resource.loader.class' has been deprecated in favor of 'resource.loader.file.class'
2022-07-31 12:56:27.677 [main] WARN  org.apache.velocity.deprecation - configuration key 'file.resource.loader.unicode' has been deprecated in favor of 'resource.loader.file.unicode'
2022-07-31 12:56:27.685 [main] WARN  org.apache.velocity.deprecation - configuration key 'file.resource.loader.class' has been deprecated in favor of 'resource.loader.file.class'
2022-07-31 12:59:04.280 [main] WARN  org.apache.velocity.deprecation - configuration key 'file.resource.loader.unicode' has been deprecated in favor of 'resource.loader.file.unicode'
2022-07-31 12:59:04.284 [main] WARN  org.apache.velocity.deprecation - configuration key 'file.resource.loader.class' has been deprecated in favor of 'resource.loader.file.class'
2022-07-31 12:59:20.809 [main] WARN  org.apache.velocity.deprecation - configuration key 'file.resource.loader.unicode' has been deprecated in favor of 'resource.loader.file.unicode'
2022-07-31 12:59:20.813 [main] WARN  org.apache.velocity.deprecation - configuration key 'file.resource.loader.class' has been deprecated in favor of 'resource.loader.file.class'
2022-07-31 13:09:05.153 [main] WARN  org.apache.velocity.deprecation - configuration key 'file.resource.loader.unicode' has been deprecated in favor of 'resource.loader.file.unicode'
2022-07-31 13:09:05.164 [main] WARN  org.apache.velocity.deprecation - configuration key 'file.resource.loader.class' has been deprecated in favor of 'resource.loader.file.class'
2022-07-31 13:09:29.150 [main] WARN  org.apache.velocity.deprecation - configuration key 'file.resource.loader.unicode' has been deprecated in favor of 'resource.loader.file.unicode'
2022-07-31 13:09:29.154 [main] WARN  org.apache.velocity.deprecation - configuration key 'file.resource.loader.class' has been deprecated in favor of 'resource.loader.file.class'
2022-07-31 13:09:41.611 [main] WARN  org.apache.velocity.deprecation - configuration key 'file.resource.loader.unicode' has been deprecated in favor of 'resource.loader.file.unicode'
2022-07-31 13:09:41.619 [main] WARN  org.apache.velocity.deprecation - configuration key 'file.resource.loader.class' has been deprecated in favor of 'resource.loader.file.class'
2022-07-31 13:10:07.106 [main] WARN  org.apache.velocity.deprecation - configuration key 'file.resource.loader.unicode' has been deprecated in favor of 'resource.loader.file.unicode'
2022-07-31 13:10:07.111 [main] WARN  org.apache.velocity.deprecation - configuration key 'file.resource.loader.class' has been deprecated in favor of 'resource.loader.file.class'
2022-07-31 13:10:17.660 [main] WARN  org.apache.velocity.deprecation - configuration key 'file.resource.loader.unicode' has been deprecated in favor of 'resource.loader.file.unicode'
2022-07-31 13:10:17.666 [main] WARN  org.apache.velocity.deprecation - configuration key 'file.resource.loader.class' has been deprecated in favor of 'resource.loader.file.class'
2022-07-31 13:33:25.789 [main] WARN  org.apache.velocity.deprecation - configuration key 'file.resource.loader.unicode' has been deprecated in favor of 'resource.loader.file.unicode'
2022-07-31 13:33:25.801 [main] WARN  org.apache.velocity.deprecation - configuration key 'file.resource.loader.class' has been deprecated in favor of 'resource.loader.file.class'
2022-07-31 13:34:23.506 [main] WARN  org.apache.velocity.deprecation - configuration key 'file.resource.loader.unicode' has been deprecated in favor of 'resource.loader.file.unicode'
2022-07-31 13:34:23.511 [main] WARN  org.apache.velocity.deprecation - configuration key 'file.resource.loader.class' has been deprecated in favor of 'resource.loader.file.class'
2022-07-31 13:39:03.980 [main] WARN  org.apache.velocity.deprecation - configuration key 'file.resource.loader.unicode' has been deprecated in favor of 'resource.loader.file.unicode'
2022-07-31 13:39:03.985 [main] WARN  org.apache.velocity.deprecation - configuration key 'file.resource.loader.class' has been deprecated in favor of 'resource.loader.file.class'
2022-07-31 13:41:01.994 [main] WARN  org.apache.velocity.deprecation - configuration key 'file.resource.loader.unicode' has been deprecated in favor of 'resource.loader.file.unicode'
2022-07-31 13:41:01.999 [main] WARN  org.apache.velocity.deprecation - configuration key 'file.resource.loader.class' has been deprecated in favor of 'resource.loader.file.class'
2022-07-31 14:01:22.247 [main] WARN  org.apache.velocity.deprecation - configuration key 'file.resource.loader.unicode' has been deprecated in favor of 'resource.loader.file.unicode'
2022-07-31 14:01:22.252 [main] WARN  org.apache.velocity.deprecation - configuration key 'file.resource.loader.class' has been deprecated in favor of 'resource.loader.file.class'
2022-07-31 14:03:11.390 [main] WARN  org.apache.velocity.deprecation - configuration key 'file.resource.loader.unicode' has been deprecated in favor of 'resource.loader.file.unicode'
2022-07-31 14:03:11.394 [main] WARN  org.apache.velocity.deprecation - configuration key 'file.resource.loader.class' has been deprecated in favor of 'resource.loader.file.class'
2022-07-31 14:04:45.222 [main] WARN  org.apache.velocity.deprecation - configuration key 'file.resource.loader.unicode' has been deprecated in favor of 'resource.loader.file.unicode'
2022-07-31 14:04:45.225 [main] WARN  org.apache.velocity.deprecation - configuration key 'file.resource.loader.class' has been deprecated in favor of 'resource.loader.file.class'
2022-07-31 14:05:57.880 [main] WARN  org.apache.velocity.deprecation - configuration key 'file.resource.loader.unicode' has been deprecated in favor of 'resource.loader.file.unicode'
2022-07-31 14:05:57.884 [main] WARN  org.apache.velocity.deprecation - configuration key 'file.resource.loader.class' has been deprecated in favor of 'resource.loader.file.class'
2022-07-31 14:09:33.204 [main] WARN  org.apache.velocity.deprecation - configuration key 'file.resource.loader.unicode' has been deprecated in favor of 'resource.loader.file.unicode'
2022-07-31 14:09:33.209 [main] WARN  org.apache.velocity.deprecation - configuration key 'file.resource.loader.class' has been deprecated in favor of 'resource.loader.file.class'
2022-07-31 14:16:40.531 [main] WARN  org.apache.velocity.deprecation - configuration key 'file.resource.loader.unicode' has been deprecated in favor of 'resource.loader.file.unicode'
2022-07-31 14:16:40.535 [main] WARN  org.apache.velocity.deprecation - configuration key 'file.resource.loader.class' has been deprecated in favor of 'resource.loader.file.class'
2022-07-31 14:17:11.471 [main] WARN  org.apache.velocity.deprecation - configuration key 'file.resource.loader.unicode' has been deprecated in favor of 'resource.loader.file.unicode'
2022-07-31 14:17:11.475 [main] WARN  org.apache.velocity.deprecation - configuration key 'file.resource.loader.class' has been deprecated in favor of 'resource.loader.file.class'
2022-07-31 14:19:19.434 [main] WARN  org.apache.velocity.deprecation - configuration key 'file.resource.loader.unicode' has been deprecated in favor of 'resource.loader.file.unicode'
2022-07-31 14:19:19.438 [main] WARN  org.apache.velocity.deprecation - configuration key 'file.resource.loader.class' has been deprecated in favor of 'resource.loader.file.class'
2022-07-31 14:27:42.188 [main] WARN  org.apache.velocity.deprecation - configuration key 'file.resource.loader.unicode' has been deprecated in favor of 'resource.loader.file.unicode'
2022-07-31 14:27:42.192 [main] WARN  org.apache.velocity.deprecation - configuration key 'file.resource.loader.class' has been deprecated in favor of 'resource.loader.file.class'
2022-07-31 14:28:32.903 [main] WARN  org.apache.velocity.deprecation - configuration key 'file.resource.loader.unicode' has been deprecated in favor of 'resource.loader.file.unicode'
2022-07-31 14:28:32.912 [main] WARN  org.apache.velocity.deprecation - configuration key 'file.resource.loader.class' has been deprecated in favor of 'resource.loader.file.class'
2022-07-31 14:29:46.060 [main] WARN  org.apache.velocity.deprecation - configuration key 'file.resource.loader.unicode' has been deprecated in favor of 'resource.loader.file.unicode'
2022-07-31 14:29:46.065 [main] WARN  org.apache.velocity.deprecation - configuration key 'file.resource.loader.class' has been deprecated in favor of 'resource.loader.file.class'
2022-07-31 14:31:35.295 [main] WARN  org.apache.velocity.deprecation - configuration key 'file.resource.loader.unicode' has been deprecated in favor of 'resource.loader.file.unicode'
2022-07-31 14:31:35.299 [main] WARN  org.apache.velocity.deprecation - configuration key 'file.resource.loader.class' has been deprecated in favor of 'resource.loader.file.class'
2022-07-31 14:31:53.279 [main] WARN  org.apache.velocity.deprecation - configuration key 'file.resource.loader.unicode' has been deprecated in favor of 'resource.loader.file.unicode'
2022-07-31 14:31:53.282 [main] WARN  org.apache.velocity.deprecation - configuration key 'file.resource.loader.class' has been deprecated in favor of 'resource.loader.file.class'
2022-07-31 14:33:30.897 [main] WARN  org.apache.velocity.deprecation - configuration key 'file.resource.loader.unicode' has been deprecated in favor of 'resource.loader.file.unicode'
2022-07-31 14:33:30.900 [main] WARN  org.apache.velocity.deprecation - configuration key 'file.resource.loader.class' has been deprecated in favor of 'resource.loader.file.class'
2022-07-31 14:34:07.807 [main] WARN  org.apache.velocity.deprecation - configuration key 'file.resource.loader.unicode' has been deprecated in favor of 'resource.loader.file.unicode'
2022-07-31 14:34:07.811 [main] WARN  org.apache.velocity.deprecation - configuration key 'file.resource.loader.class' has been deprecated in favor of 'resource.loader.file.class'
2022-07-31 14:35:00.655 [main] WARN  org.apache.velocity.deprecation - configuration key 'file.resource.loader.unicode' has been deprecated in favor of 'resource.loader.file.unicode'
2022-07-31 14:35:00.659 [main] WARN  org.apache.velocity.deprecation - configuration key 'file.resource.loader.class' has been deprecated in favor of 'resource.loader.file.class'
2022-07-31 14:36:24.664 [main] WARN  org.apache.velocity.deprecation - configuration key 'file.resource.loader.unicode' has been deprecated in favor of 'resource.loader.file.unicode'
2022-07-31 14:36:24.670 [main] WARN  org.apache.velocity.deprecation - configuration key 'file.resource.loader.class' has been deprecated in favor of 'resource.loader.file.class'
2022-07-31 14:37:28.035 [main] WARN  org.apache.velocity.deprecation - configuration key 'file.resource.loader.unicode' has been deprecated in favor of 'resource.loader.file.unicode'
2022-07-31 14:37:28.040 [main] WARN  org.apache.velocity.deprecation - configuration key 'file.resource.loader.class' has been deprecated in favor of 'resource.loader.file.class'
2022-07-31 14:38:14.031 [main] WARN  org.apache.velocity.deprecation - configuration key 'file.resource.loader.unicode' has been deprecated in favor of 'resource.loader.file.unicode'
2022-07-31 14:38:14.035 [main] WARN  org.apache.velocity.deprecation - configuration key 'file.resource.loader.class' has been deprecated in favor of 'resource.loader.file.class'
2022-07-31 14:39:42.629 [main] WARN  org.apache.velocity.deprecation - configuration key 'file.resource.loader.unicode' has been deprecated in favor of 'resource.loader.file.unicode'
2022-07-31 14:39:42.632 [main] WARN  org.apache.velocity.deprecation - configuration key 'file.resource.loader.class' has been deprecated in favor of 'resource.loader.file.class'
2022-07-31 14:40:00.451 [main] WARN  org.apache.velocity.deprecation - configuration key 'file.resource.loader.unicode' has been deprecated in favor of 'resource.loader.file.unicode'
2022-07-31 14:40:00.455 [main] WARN  org.apache.velocity.deprecation - configuration key 'file.resource.loader.class' has been deprecated in favor of 'resource.loader.file.class'
2022-07-31 14:40:54.263 [main] WARN  org.apache.velocity.deprecation - configuration key 'file.resource.loader.unicode' has been deprecated in favor of 'resource.loader.file.unicode'
2022-07-31 14:40:54.267 [main] WARN  org.apache.velocity.deprecation - configuration key 'file.resource.loader.class' has been deprecated in favor of 'resource.loader.file.class'
2022-07-31 14:41:12.510 [main] WARN  org.apache.velocity.deprecation - configuration key 'file.resource.loader.unicode' has been deprecated in favor of 'resource.loader.file.unicode'
2022-07-31 14:41:12.514 [main] WARN  org.apache.velocity.deprecation - configuration key 'file.resource.loader.class' has been deprecated in favor of 'resource.loader.file.class'
2022-07-31 14:41:30.959 [main] WARN  org.apache.velocity.deprecation - configuration key 'file.resource.loader.unicode' has been deprecated in favor of 'resource.loader.file.unicode'
2022-07-31 14:41:30.962 [main] WARN  org.apache.velocity.deprecation - configuration key 'file.resource.loader.class' has been deprecated in favor of 'resource.loader.file.class'
2022-07-31 14:42:05.130 [main] WARN  org.apache.velocity.deprecation - configuration key 'file.resource.loader.unicode' has been deprecated in favor of 'resource.loader.file.unicode'
2022-07-31 14:42:05.133 [main] WARN  org.apache.velocity.deprecation - configuration key 'file.resource.loader.class' has been deprecated in favor of 'resource.loader.file.class'
2022-07-31 14:52:14.225 [main] WARN  org.apache.velocity.deprecation - configuration key 'file.resource.loader.unicode' has been deprecated in favor of 'resource.loader.file.unicode'
2022-07-31 14:52:14.232 [main] WARN  org.apache.velocity.deprecation - configuration key 'file.resource.loader.class' has been deprecated in favor of 'resource.loader.file.class'
2022-07-31 14:55:40.657 [main] WARN  org.apache.velocity.deprecation - configuration key 'file.resource.loader.unicode' has been deprecated in favor of 'resource.loader.file.unicode'
2022-07-31 14:55:40.661 [main] WARN  org.apache.velocity.deprecation - configuration key 'file.resource.loader.class' has been deprecated in favor of 'resource.loader.file.class'
2022-07-31 14:57:03.229 [main] WARN  org.apache.velocity.deprecation - configuration key 'file.resource.loader.unicode' has been deprecated in favor of 'resource.loader.file.unicode'
2022-07-31 14:57:03.233 [main] WARN  org.apache.velocity.deprecation - configuration key 'file.resource.loader.class' has been deprecated in favor of 'resource.loader.file.class'
2022-07-31 14:57:42.812 [main] WARN  org.apache.velocity.deprecation - configuration key 'file.resource.loader.unicode' has been deprecated in favor of 'resource.loader.file.unicode'
2022-07-31 14:57:42.817 [main] WARN  org.apache.velocity.deprecation - configuration key 'file.resource.loader.class' has been deprecated in favor of 'resource.loader.file.class'
2022-07-31 14:57:44.932 [main] WARN  org.apache.velocity.deprecation - configuration key 'file.resource.loader.unicode' has been deprecated in favor of 'resource.loader.file.unicode'
2022-07-31 14:57:44.937 [main] WARN  org.apache.velocity.deprecation - configuration key 'file.resource.loader.class' has been deprecated in favor of 'resource.loader.file.class'
2022-07-31 14:58:38.048 [main] WARN  org.apache.velocity.deprecation - configuration key 'file.resource.loader.unicode' has been deprecated in favor of 'resource.loader.file.unicode'
2022-07-31 14:58:38.053 [main] WARN  org.apache.velocity.deprecation - configuration key 'file.resource.loader.class' has been deprecated in favor of 'resource.loader.file.class'
2022-07-31 14:59:23.083 [main] WARN  org.apache.velocity.deprecation - configuration key 'file.resource.loader.unicode' has been deprecated in favor of 'resource.loader.file.unicode'
2022-07-31 14:59:23.087 [main] WARN  org.apache.velocity.deprecation - configuration key 'file.resource.loader.class' has been deprecated in favor of 'resource.loader.file.class'
2022-07-31 14:59:42.822 [main] WARN  org.apache.velocity.deprecation - configuration key 'file.resource.loader.unicode' has been deprecated in favor of 'resource.loader.file.unicode'
2022-07-31 14:59:42.826 [main] WARN  org.apache.velocity.deprecation - configuration key 'file.resource.loader.class' has been deprecated in favor of 'resource.loader.file.class'
2022-07-31 14:59:58.894 [main] WARN  org.apache.velocity.deprecation - configuration key 'file.resource.loader.unicode' has been deprecated in favor of 'resource.loader.file.unicode'
2022-07-31 14:59:58.899 [main] WARN  org.apache.velocity.deprecation - configuration key 'file.resource.loader.class' has been deprecated in favor of 'resource.loader.file.class'
2022-07-31 15:00:11.074 [main] WARN  org.apache.velocity.deprecation - configuration key 'file.resource.loader.unicode' has been deprecated in favor of 'resource.loader.file.unicode'
2022-07-31 15:00:11.080 [main] WARN  org.apache.velocity.deprecation - configuration key 'file.resource.loader.class' has been deprecated in favor of 'resource.loader.file.class'
2022-07-31 15:03:06.972 [main] WARN  org.apache.velocity.deprecation - configuration key 'file.resource.loader.unicode' has been deprecated in favor of 'resource.loader.file.unicode'
2022-07-31 15:03:06.978 [main] WARN  org.apache.velocity.deprecation - configuration key 'file.resource.loader.class' has been deprecated in favor of 'resource.loader.file.class'
2022-07-31 15:03:33.829 [main] WARN  org.apache.velocity.deprecation - configuration key 'file.resource.loader.unicode' has been deprecated in favor of 'resource.loader.file.unicode'
2022-07-31 15:03:33.835 [main] WARN  org.apache.velocity.deprecation - configuration key 'file.resource.loader.class' has been deprecated in favor of 'resource.loader.file.class'
2022-07-31 15:03:55.113 [main] WARN  org.apache.velocity.deprecation - configuration key 'file.resource.loader.unicode' has been deprecated in favor of 'resource.loader.file.unicode'
2022-07-31 15:03:55.118 [main] WARN  org.apache.velocity.deprecation - configuration key 'file.resource.loader.class' has been deprecated in favor of 'resource.loader.file.class'
2022-07-31 15:11:30.411 [main] WARN  org.apache.velocity.deprecation - configuration key 'file.resource.loader.unicode' has been deprecated in favor of 'resource.loader.file.unicode'
2022-07-31 15:11:30.416 [main] WARN  org.apache.velocity.deprecation - configuration key 'file.resource.loader.class' has been deprecated in favor of 'resource.loader.file.class'
2022-07-31 15:13:11.419 [main] WARN  org.apache.velocity.deprecation - configuration key 'file.resource.loader.unicode' has been deprecated in favor of 'resource.loader.file.unicode'
2022-07-31 15:13:11.423 [main] WARN  org.apache.velocity.deprecation - configuration key 'file.resource.loader.class' has been deprecated in favor of 'resource.loader.file.class'
2022-07-31 15:16:48.498 [main] WARN  org.apache.velocity.deprecation - configuration key 'file.resource.loader.unicode' has been deprecated in favor of 'resource.loader.file.unicode'
2022-07-31 15:16:48.509 [main] WARN  org.apache.velocity.deprecation - configuration key 'file.resource.loader.class' has been deprecated in favor of 'resource.loader.file.class'
2022-07-31 15:18:34.104 [main] WARN  org.apache.velocity.deprecation - configuration key 'file.resource.loader.unicode' has been deprecated in favor of 'resource.loader.file.unicode'
2022-07-31 15:18:34.109 [main] WARN  org.apache.velocity.deprecation - configuration key 'file.resource.loader.class' has been deprecated in favor of 'resource.loader.file.class'
2022-07-31 15:18:43.066 [main] WARN  org.apache.velocity.deprecation - configuration key 'file.resource.loader.unicode' has been deprecated in favor of 'resource.loader.file.unicode'
2022-07-31 15:18:43.069 [main] WARN  org.apache.velocity.deprecation - configuration key 'file.resource.loader.class' has been deprecated in favor of 'resource.loader.file.class'
2022-07-31 15:24:09.054 [main] WARN  org.apache.velocity.deprecation - configuration key 'file.resource.loader.unicode' has been deprecated in favor of 'resource.loader.file.unicode'
2022-07-31 15:24:09.060 [main] WARN  org.apache.velocity.deprecation - configuration key 'file.resource.loader.class' has been deprecated in favor of 'resource.loader.file.class'
2022-07-31 15:25:14.100 [main] WARN  org.apache.velocity.deprecation - configuration key 'file.resource.loader.unicode' has been deprecated in favor of 'resource.loader.file.unicode'
2022-07-31 15:25:14.107 [main] WARN  org.apache.velocity.deprecation - configuration key 'file.resource.loader.class' has been deprecated in favor of 'resource.loader.file.class'
2022-07-31 15:31:24.555 [main] WARN  org.apache.velocity.deprecation - configuration key 'file.resource.loader.unicode' has been deprecated in favor of 'resource.loader.file.unicode'
2022-07-31 15:31:24.563 [main] WARN  org.apache.velocity.deprecation - configuration key 'file.resource.loader.class' has been deprecated in favor of 'resource.loader.file.class'
2022-07-31 15:36:31.045 [main] WARN  com.baomidou.mybatisplus.generator.IDatabaseQuery$DefaultDatabaseQuery - 表[t_simple]在数据库中不存在！！！
2022-07-31 19:12:40.132 [main] WARN  com.baomidou.mybatisplus.generator.IDatabaseQuery$DefaultDatabaseQuery - 当前表[article]的主键为自增主键，会导致全局主键的ID类型设置失效!
2022-07-31 19:12:40.218 [main] WARN  com.baomidou.mybatisplus.generator.IDatabaseQuery$DefaultDatabaseQuery - 当前表[sys_role]的主键为自增主键，会导致全局主键的ID类型设置失效!
2022-07-31 19:12:40.243 [main] WARN  com.baomidou.mybatisplus.generator.IDatabaseQuery$DefaultDatabaseQuery - 当前表[sys_role_permission]的主键为自增主键，会导致全局主键的ID类型设置失效!
2022-07-31 19:12:40.271 [main] WARN  com.baomidou.mybatisplus.generator.IDatabaseQuery$DefaultDatabaseQuery - 当前表[sys_user]的主键为自增主键，会导致全局主键的ID类型设置失效!
2022-07-31 19:12:40.303 [main] WARN  com.baomidou.mybatisplus.generator.IDatabaseQuery$DefaultDatabaseQuery - 当前表[sys_user_role]的主键为自增主键，会导致全局主键的ID类型设置失效!
2022-07-31 19:13:28.152 [main] WARN  com.baomidou.mybatisplus.generator.IDatabaseQuery$DefaultDatabaseQuery - 当前表[article]的主键为自增主键，会导致全局主键的ID类型设置失效!
2022-07-31 19:13:28.251 [main] WARN  com.baomidou.mybatisplus.generator.IDatabaseQuery$DefaultDatabaseQuery - 当前表[sys_role]的主键为自增主键，会导致全局主键的ID类型设置失效!
2022-07-31 19:13:28.282 [main] WARN  com.baomidou.mybatisplus.generator.IDatabaseQuery$DefaultDatabaseQuery - 当前表[sys_role_permission]的主键为自增主键，会导致全局主键的ID类型设置失效!
2022-07-31 19:13:28.323 [main] WARN  com.baomidou.mybatisplus.generator.IDatabaseQuery$DefaultDatabaseQuery - 当前表[sys_user]的主键为自增主键，会导致全局主键的ID类型设置失效!
2022-07-31 19:13:28.361 [main] WARN  com.baomidou.mybatisplus.generator.IDatabaseQuery$DefaultDatabaseQuery - 当前表[sys_user_role]的主键为自增主键，会导致全局主键的ID类型设置失效!
2022-07-31 19:17:12.828 [main] WARN  com.baomidou.mybatisplus.generator.config.builder.Entity - Forgot to set entity supper class ?
2022-07-31 19:22:18.834 [main] WARN  com.baomidou.mybatisplus.generator.config.builder.Entity - Forgot to set entity supper class ?
2022-07-31 19:24:27.960 [main] WARN  com.baomidou.mybatisplus.generator.config.builder.Entity - Forgot to set entity supper class ?
2022-07-31 19:28:13.280 [main] WARN  com.baomidou.mybatisplus.generator.config.builder.Entity - Forgot to set entity supper class ?
2022-07-31 19:31:56.062 [main] WARN  com.baomidou.mybatisplus.generator.config.builder.Entity - Forgot to set entity supper class ?
2022-07-31 19:34:32.205 [main] WARN  com.baomidou.mybatisplus.generator.config.builder.Entity - Forgot to set entity supper class ?
2022-07-31 19:36:54.929 [main] WARN  com.baomidou.mybatisplus.generator.config.builder.Entity - Forgot to set entity supper class ?
2022-07-31 19:37:59.757 [main] WARN  com.baomidou.mybatisplus.generator.config.builder.Entity - Forgot to set entity supper class ?
2022-07-31 19:39:57.927 [main] WARN  com.baomidou.mybatisplus.generator.config.builder.Entity - Forgot to set entity supper class ?
2022-07-31 19:41:11.923 [main] WARN  com.baomidou.mybatisplus.generator.config.builder.Entity - Forgot to set entity supper class ?
2022-07-31 19:42:47.137 [main] WARN  com.baomidou.mybatisplus.generator.config.builder.Entity - Forgot to set entity supper class ?
2022-07-31 19:45:04.316 [main] WARN  com.baomidou.mybatisplus.generator.config.builder.Entity - Forgot to set entity supper class ?
2022-07-31 19:45:18.099 [main] WARN  com.baomidou.mybatisplus.generator.config.builder.Entity - Forgot to set entity supper class ?
2022-07-31 19:46:37.046 [main] WARN  com.baomidou.mybatisplus.generator.config.builder.Entity - Forgot to set entity supper class ?
2022-07-31 19:47:09.039 [main] WARN  com.baomidou.mybatisplus.generator.config.builder.Entity - Forgot to set entity supper class ?
2022-07-31 19:48:57.764 [main] WARN  com.baomidou.mybatisplus.generator.config.builder.Entity - Forgot to set entity supper class ?
2022-07-31 19:49:17.394 [main] WARN  com.baomidou.mybatisplus.generator.config.builder.Entity - Forgot to set entity supper class ?
2022-07-31 19:49:59.951 [main] WARN  com.baomidou.mybatisplus.generator.config.builder.Entity - Forgot to set entity supper class ?
